18:04:15.094 [restartedMain] INFO  com.example.ColleguesApiApplication - Starting ColleguesApiApplication on Genie with PID 11676 (D:\sts-bundle\collegues-api\target\classes started by Genie_singh in D:\sts-bundle\collegues-api)
18:04:15.114 [restartedMain] INFO  com.example.ColleguesApiApplication - No active profile set, falling back to default profiles: default
18:04:41.829 [restartedMain] ERROR com.example.service.StartupDataInit - hello startiiiiiinnnnnng
18:04:42.493 [restartedMain] INFO  com.example.ColleguesApiApplication - Started ColleguesApiApplication in 29.31 seconds (JVM running for 47.763)
23:24:31.032 [restartedMain] INFO  com.example.ColleguesApiApplication - Starting ColleguesApiApplication on Genie with PID 8572 (D:\sts-bundle\collegues-api\target\classes started by Genie_singh in D:\sts-bundle\collegues-api)
23:24:31.040 [restartedMain] INFO  com.example.ColleguesApiApplication - No active profile set, falling back to default profiles: default
23:24:40.652 [restartedMain] ERROR com.example.service.StartupDataInit - hello startiiiiiinnnnnng
23:24:40.855 [restartedMain] INFO  com.example.ColleguesApiApplication - Started ColleguesApiApplication in 10.52 seconds (JVM running for 12.629)
23:35:37.891 [restartedMain] INFO  com.example.ColleguesApiApplication - Starting ColleguesApiApplication on Genie with PID 9220 (D:\sts-bundle\collegues-api\target\classes started by Genie_singh in D:\sts-bundle\collegues-api)
23:35:37.899 [restartedMain] INFO  com.example.ColleguesApiApplication - No active profile set, falling back to default profiles: default
23:35:49.351 [restartedMain] ERROR com.example.service.StartupDataInit - hello starting
23:35:49.618 [restartedMain] INFO  com.example.ColleguesApiApplication - Started ColleguesApiApplication in 12.737 seconds (JVM running for 14.884)
23:49:04.953 [restartedMain] INFO  com.example.ColleguesApiApplication - Starting ColleguesApiApplication on Genie with PID 9220 (D:\sts-bundle\collegues-api\target\classes started by Genie_singh in D:\sts-bundle\collegues-api)
23:49:04.953 [restartedMain] INFO  com.example.ColleguesApiApplication - No active profile set, falling back to default profiles: default
23:49:08.674 [restartedMain] ERROR com.example.service.StartupDataInit - hello starting
23:49:08.758 [restartedMain] INFO  com.example.ColleguesApiApplication - Started ColleguesApiApplication in 3.961 seconds (JVM running for 814.027)
23:52:40.420 [restartedMain] INFO  com.example.ColleguesApiApplication - Starting ColleguesApiApplication on Genie with PID 9220 (D:\sts-bundle\collegues-api\target\classes started by Genie_singh in D:\sts-bundle\collegues-api)
23:52:40.420 [restartedMain] INFO  com.example.ColleguesApiApplication - No active profile set, falling back to default profiles: default
23:52:41.949 [restartedMain] ERROR com.example.service.StartupDataInit - hello starting
23:52:41.998 [restartedMain] INFO  com.example.ColleguesApiApplication - Started ColleguesApiApplication in 1.69 seconds (JVM running for 1027.265)
23:54:34.139 [restartedMain] INFO  com.example.ColleguesApiApplication - Starting ColleguesApiApplication on Genie with PID 9220 (D:\sts-bundle\collegues-api\target\classes started by Genie_singh in D:\sts-bundle\collegues-api)
23:54:34.143 [restartedMain] INFO  com.example.ColleguesApiApplication - No active profile set, falling back to default profiles: default
23:54:35.395 [restartedMain] ERROR com.example.service.StartupDataInit - hello starting
23:54:35.439 [restartedMain] INFO  com.example.ColleguesApiApplication - Started ColleguesApiApplication in 1.394 seconds (JVM running for 1140.705)
00:03:29.061 [restartedMain] INFO  com.example.ColleguesApiApplication - Starting ColleguesApiApplication on Genie with PID 9220 (D:\sts-bundle\collegues-api\target\classes started by Genie_singh in D:\sts-bundle\collegues-api)
00:03:29.061 [restartedMain] INFO  com.example.ColleguesApiApplication - No active profile set, falling back to default profiles: default
00:03:30.213 [restartedMain] ERROR com.example.service.StartupDataInit - hello starting
00:03:30.265 [restartedMain] INFO  com.example.ColleguesApiApplication - Started ColleguesApiApplication in 1.361 seconds (JVM running for 1675.534)
19:51:05.385 [restartedMain] INFO  com.example.ColleguesApiApplication - Starting ColleguesApiApplication on Genie with PID 5296 (D:\sts-bundle\collegues-api\target\classes started by Genie_singh in D:\sts-bundle\collegues-api)
19:51:05.391 [restartedMain] INFO  com.example.ColleguesApiApplication - No active profile set, falling back to default profiles: default
19:51:21.182 [restartedMain] ERROR com.example.service.StartupDataInit - hello starting
19:51:21.597 [restartedMain] INFO  com.example.ColleguesApiApplication - Started ColleguesApiApplication in 17.295 seconds (JVM running for 19.424)
22:02:28.583 [restartedMain] INFO  com.example.ColleguesApiApplication - Starting ColleguesApiApplication on Genie with PID 5296 (D:\sts-bundle\collegues-api\target\classes started by Genie_singh in D:\sts-bundle\collegues-api)
22:02:28.583 [restartedMain] INFO  com.example.ColleguesApiApplication - No active profile set, falling back to default profiles: default
22:02:37.105 [restartedMain] ERROR com.example.service.StartupDataInit - hello starting
22:02:37.239 [restartedMain] INFO  com.example.ColleguesApiApplication - Started ColleguesApiApplication in 8.954 seconds (JVM running for 7895.067)
22:06:29.586 [restartedMain] INFO  com.example.ColleguesApiApplication - Starting ColleguesApiApplication on Genie with PID 5296 (D:\sts-bundle\collegues-api\target\classes started by Genie_singh in D:\sts-bundle\collegues-api)
22:06:29.586 [restartedMain] INFO  com.example.ColleguesApiApplication - No active profile set, falling back to default profiles: default
22:06:31.911 [restartedMain] ERROR com.example.service.StartupDataInit - hello starting
22:06:32.016 [restartedMain] INFO  com.example.ColleguesApiApplication - Started ColleguesApiApplication in 2.558 seconds (JVM running for 8129.842)
22:13:04.946 [restartedMain] INFO  com.example.ColleguesApiApplication - Starting ColleguesApiApplication on Genie with PID 5296 (D:\sts-bundle\collegues-api\target\classes started by Genie_singh in D:\sts-bundle\collegues-api)
22:13:04.946 [restartedMain] INFO  com.example.ColleguesApiApplication - No active profile set, falling back to default profiles: default
22:13:06.515 [restartedMain] ERROR com.example.service.StartupDataInit - hello starting
22:13:06.569 [restartedMain] INFO  com.example.ColleguesApiApplication - Started ColleguesApiApplication in 1.741 seconds (JVM running for 8524.396)
22:13:08.976 [restartedMain] INFO  com.example.ColleguesApiApplication - Starting ColleguesApiApplication on Genie with PID 5296 (D:\sts-bundle\collegues-api\target\classes started by Genie_singh in D:\sts-bundle\collegues-api)
22:13:08.976 [restartedMain] INFO  com.example.ColleguesApiApplication - No active profile set, falling back to default profiles: default
22:13:11.004 [restartedMain] ERROR com.example.service.StartupDataInit - hello starting
22:13:11.089 [restartedMain] INFO  com.example.ColleguesApiApplication - Started ColleguesApiApplication in 2.16 seconds (JVM running for 8528.918)
22:15:38.378 [restartedMain] INFO  com.example.ColleguesApiApplication - Starting ColleguesApiApplication on Genie with PID 5296 (D:\sts-bundle\collegues-api\target\classes started by Genie_singh in D:\sts-bundle\collegues-api)
22:15:38.378 [restartedMain] INFO  com.example.ColleguesApiApplication - No active profile set, falling back to default profiles: default
22:15:39.884 [restartedMain] ERROR com.example.service.StartupDataInit - hello starting
22:15:39.950 [restartedMain] INFO  com.example.ColleguesApiApplication - Started ColleguesApiApplication in 1.653 seconds (JVM running for 8677.777)
22:15:58.370 [restartedMain] INFO  com.example.ColleguesApiApplication - Starting ColleguesApiApplication on Genie with PID 5296 (D:\sts-bundle\collegues-api\target\classes started by Genie_singh in D:\sts-bundle\collegues-api)
22:15:58.370 [restartedMain] INFO  com.example.ColleguesApiApplication - No active profile set, falling back to default profiles: default
22:15:59.676 [restartedMain] ERROR com.example.service.StartupDataInit - hello starting
22:15:59.741 [restartedMain] INFO  com.example.ColleguesApiApplication - Started ColleguesApiApplication in 1.429 seconds (JVM running for 8697.567)
22:16:19.165 [restartedMain] INFO  com.example.ColleguesApiApplication - Starting ColleguesApiApplication on Genie with PID 5296 (D:\sts-bundle\collegues-api\target\classes started by Genie_singh in D:\sts-bundle\collegues-api)
22:16:19.165 [restartedMain] INFO  com.example.ColleguesApiApplication - No active profile set, falling back to default profiles: default
22:16:20.515 [restartedMain] ERROR com.example.service.StartupDataInit - hello starting
22:16:20.554 [restartedMain] INFO  com.example.ColleguesApiApplication - Started ColleguesApiApplication in 1.453 seconds (JVM running for 8718.381)
22:17:08.121 [restartedMain] INFO  com.example.ColleguesApiApplication - Starting ColleguesApiApplication on Genie with PID 5296 (D:\sts-bundle\collegues-api\target\classes started by Genie_singh in D:\sts-bundle\collegues-api)
22:17:08.121 [restartedMain] INFO  com.example.ColleguesApiApplication - No active profile set, falling back to default profiles: default
22:17:09.646 [restartedMain] ERROR com.example.service.StartupDataInit - hello starting
22:17:09.743 [restartedMain] INFO  com.example.ColleguesApiApplication - Started ColleguesApiApplication in 1.679 seconds (JVM running for 8767.57)
22:21:42.667 [restartedMain] INFO  com.example.ColleguesApiApplication - Starting ColleguesApiApplication on Genie with PID 5296 (D:\sts-bundle\collegues-api\target\classes started by Genie_singh in D:\sts-bundle\collegues-api)
22:21:42.668 [restartedMain] INFO  com.example.ColleguesApiApplication - No active profile set, falling back to default profiles: default
22:21:44.661 [restartedMain] ERROR com.example.service.StartupDataInit - hello starting
22:21:44.707 [restartedMain] INFO  com.example.ColleguesApiApplication - Started ColleguesApiApplication in 2.081 seconds (JVM running for 9042.534)
22:21:52.586 [restartedMain] INFO  com.example.ColleguesApiApplication - Starting ColleguesApiApplication on Genie with PID 5296 (D:\sts-bundle\collegues-api\target\classes started by Genie_singh in D:\sts-bundle\collegues-api)
22:21:52.586 [restartedMain] INFO  com.example.ColleguesApiApplication - No active profile set, falling back to default profiles: default
22:21:53.566 [restartedMain] ERROR com.example.service.StartupDataInit - hello starting
22:21:53.642 [restartedMain] INFO  com.example.ColleguesApiApplication - Started ColleguesApiApplication in 1.081 seconds (JVM running for 9051.47)
22:22:09.727 [restartedMain] INFO  com.example.ColleguesApiApplication - Starting ColleguesApiApplication on Genie with PID 5296 (D:\sts-bundle\collegues-api\target\classes started by Genie_singh in D:\sts-bundle\collegues-api)
22:22:09.727 [restartedMain] INFO  com.example.ColleguesApiApplication - No active profile set, falling back to default profiles: default
22:22:10.659 [restartedMain] ERROR com.example.service.StartupDataInit - hello starting
22:22:10.707 [restartedMain] INFO  com.example.ColleguesApiApplication - Started ColleguesApiApplication in 1.012 seconds (JVM running for 9068.537)
09:24:06.973 [restartedMain] INFO  com.example.ColleguesApiApplication - Starting ColleguesApiApplication on DESKTOP-U3M57K9 with PID 2972 (C:\Total\workspace-sts-3.8.4.RELEASE\collegues-api\target\classes started by gurpr in C:\Total\workspace-sts-3.8.4.RELEASE\collegues-api)
09:24:06.975 [restartedMain] INFO  com.example.ColleguesApiApplication - No active profile set, falling back to default profiles: default
09:24:11.456 [restartedMain] ERROR com.example.service.StartupDataInit - hello starting
09:24:11.591 [restartedMain] INFO  com.example.ColleguesApiApplication - Started ColleguesApiApplication in 4.891 seconds (JVM running for 5.565)
09:35:24.046 [restartedMain] INFO  com.example.ColleguesApiApplication - Starting ColleguesApiApplication on DESKTOP-U3M57K9 with PID 2972 (C:\Total\workspace-sts-3.8.4.RELEASE\collegues-api\target\classes started by gurpr in C:\Total\workspace-sts-3.8.4.RELEASE\collegues-api)
09:35:24.048 [restartedMain] INFO  com.example.ColleguesApiApplication - No active profile set, falling back to default profiles: default
09:35:24.827 [restartedMain] ERROR com.example.service.StartupDataInit - hello starting
09:35:24.845 [restartedMain] INFO  com.example.ColleguesApiApplication - Started ColleguesApiApplication in 0.82 seconds (JVM running for 678.819)
09:35:26.518 [restartedMain] INFO  com.example.ColleguesApiApplication - Starting ColleguesApiApplication on DESKTOP-U3M57K9 with PID 2972 (C:\Total\workspace-sts-3.8.4.RELEASE\collegues-api\target\classes started by gurpr in C:\Total\workspace-sts-3.8.4.RELEASE\collegues-api)
09:35:26.518 [restartedMain] INFO  com.example.ColleguesApiApplication - No active profile set, falling back to default profiles: default
09:35:27.189 [restartedMain] ERROR com.example.service.StartupDataInit - hello starting
09:35:27.204 [restartedMain] INFO  com.example.ColleguesApiApplication - Started ColleguesApiApplication in 0.709 seconds (JVM running for 681.178)
09:39:26.007 [restartedMain] INFO  com.example.ColleguesApiApplication - Starting ColleguesApiApplication on DESKTOP-U3M57K9 with PID 2972 (C:\Total\workspace-sts-3.8.4.RELEASE\collegues-api\target\classes started by gurpr in C:\Total\workspace-sts-3.8.4.RELEASE\collegues-api)
09:39:26.007 [restartedMain] INFO  com.example.ColleguesApiApplication - No active profile set, falling back to default profiles: default
09:39:26.605 [restartedMain] ERROR com.example.service.StartupDataInit - hello starting
09:39:26.623 [restartedMain] INFO  com.example.ColleguesApiApplication - Started ColleguesApiApplication in 0.635 seconds (JVM running for 920.597)
09:39:50.127 [restartedMain] INFO  com.example.ColleguesApiApplication - Starting ColleguesApiApplication on DESKTOP-U3M57K9 with PID 2972 (C:\Total\workspace-sts-3.8.4.RELEASE\collegues-api\target\classes started by gurpr in C:\Total\workspace-sts-3.8.4.RELEASE\collegues-api)
09:39:50.127 [restartedMain] INFO  com.example.ColleguesApiApplication - No active profile set, falling back to default profiles: default
09:39:50.668 [restartedMain] ERROR com.example.service.StartupDataInit - hello starting
09:39:50.684 [restartedMain] INFO  com.example.ColleguesApiApplication - Started ColleguesApiApplication in 0.581 seconds (JVM running for 944.658)
09:40:13.770 [restartedMain] INFO  com.example.ColleguesApiApplication - Starting ColleguesApiApplication on DESKTOP-U3M57K9 with PID 2972 (C:\Total\workspace-sts-3.8.4.RELEASE\collegues-api\target\classes started by gurpr in C:\Total\workspace-sts-3.8.4.RELEASE\collegues-api)
09:40:13.770 [restartedMain] INFO  com.example.ColleguesApiApplication - No active profile set, falling back to default profiles: default
09:40:14.286 [restartedMain] ERROR com.example.service.StartupDataInit - hello starting
09:40:14.305 [restartedMain] INFO  com.example.ColleguesApiApplication - Started ColleguesApiApplication in 0.566 seconds (JVM running for 968.278)
10:42:31.098 [restartedMain] INFO  com.example.ColleguesApiApplication - Starting ColleguesApiApplication on DESKTOP-U3M57K9 with PID 5352 (C:\Total\workspace-sts-3.8.4.RELEASE\collegues-api\target\classes started by gurpr in C:\Total\workspace-sts-3.8.4.RELEASE\collegues-api)
10:42:31.098 [restartedMain] INFO  com.example.ColleguesApiApplication - No active profile set, falling back to default profiles: default
10:48:45.701 [restartedMain] INFO  com.example.ColleguesApiApplication - Starting ColleguesApiApplication on DESKTOP-U3M57K9 with PID 4560 (C:\Total\workspace-sts-3.8.4.RELEASE\collegues-api\target\classes started by gurpr in C:\Total\workspace-sts-3.8.4.RELEASE\collegues-api)
10:48:45.701 [restartedMain] INFO  com.example.ColleguesApiApplication - No active profile set, falling back to default profiles: default
11:49:32.574 [restartedMain] INFO  com.example.ColleguesApiApplication - Starting ColleguesApiApplication on DESKTOP-U3M57K9 with PID 8492 (C:\Total\workspace-sts-3.8.4.RELEASE\collegues-api\target\classes started by gurpr in C:\Total\workspace-sts-3.8.4.RELEASE\collegues-api)
11:49:32.574 [restartedMain] INFO  com.example.ColleguesApiApplication - No active profile set, falling back to default profiles: default
11:50:41.759 [restartedMain] INFO  com.example.ColleguesApiApplication - Starting ColleguesApiApplication on DESKTOP-U3M57K9 with PID 3724 (C:\Total\workspace-sts-3.8.4.RELEASE\collegues-api\target\classes started by gurpr in C:\Total\workspace-sts-3.8.4.RELEASE\collegues-api)
11:50:41.759 [restartedMain] INFO  com.example.ColleguesApiApplication - No active profile set, falling back to default profiles: default
11:51:17.922 [restartedMain] INFO  com.example.ColleguesApiApplication - Starting ColleguesApiApplication on DESKTOP-U3M57K9 with PID 9692 (C:\Total\workspace-sts-3.8.4.RELEASE\collegues-api\target\classes started by gurpr in C:\Total\workspace-sts-3.8.4.RELEASE\collegues-api)
11:51:17.922 [restartedMain] INFO  com.example.ColleguesApiApplication - No active profile set, falling back to default profiles: default
11:52:14.518 [restartedMain] INFO  com.example.ColleguesApiApplication - Starting ColleguesApiApplication on DESKTOP-U3M57K9 with PID 2508 (C:\Total\workspace-sts-3.8.4.RELEASE\collegues-api\target\classes started by gurpr in C:\Total\workspace-sts-3.8.4.RELEASE\collegues-api)
11:52:14.518 [restartedMain] INFO  com.example.ColleguesApiApplication - No active profile set, falling back to default profiles: default
11:52:18.735 [restartedMain] ERROR com.example.service.StartupDataInit - hello starting
11:52:19.288 [restartedMain] INFO  com.example.ColleguesApiApplication - Started ColleguesApiApplication in 5.052 seconds (JVM running for 5.688)
11:59:55.179 [restartedMain] INFO  com.example.ColleguesApiApplication - Starting ColleguesApiApplication on DESKTOP-U3M57K9 with PID 10312 (C:\Total\workspace-sts-3.8.4.RELEASE\collegues-api\target\classes started by gurpr in C:\Total\workspace-sts-3.8.4.RELEASE\collegues-api)
11:59:55.179 [restartedMain] INFO  com.example.ColleguesApiApplication - No active profile set, falling back to default profiles: default
11:59:59.243 [restartedMain] ERROR com.example.service.StartupDataInit - hello starting
11:59:59.771 [restartedMain] INFO  com.example.ColleguesApiApplication - Started ColleguesApiApplication in 4.86 seconds (JVM running for 5.5)
12:03:26.063 [restartedMain] INFO  com.example.ColleguesApiApplication - Starting ColleguesApiApplication on DESKTOP-U3M57K9 with PID 10312 (C:\Total\workspace-sts-3.8.4.RELEASE\collegues-api\target\classes started by gurpr in C:\Total\workspace-sts-3.8.4.RELEASE\collegues-api)
12:03:26.063 [restartedMain] INFO  com.example.ColleguesApiApplication - No active profile set, falling back to default profiles: default
12:03:26.991 [restartedMain] ERROR com.example.service.StartupDataInit - hello starting
12:04:33.560 [restartedMain] INFO  com.example.ColleguesApiApplication - Starting ColleguesApiApplication on DESKTOP-U3M57K9 with PID 10312 (C:\Total\workspace-sts-3.8.4.RELEASE\collegues-api\target\classes started by gurpr in C:\Total\workspace-sts-3.8.4.RELEASE\collegues-api)
12:04:33.560 [restartedMain] INFO  com.example.ColleguesApiApplication - No active profile set, falling back to default profiles: default
12:04:34.275 [restartedMain] ERROR com.example.service.StartupDataInit - hello starting
12:04:34.646 [restartedMain] INFO  com.example.ColleguesApiApplication - Started ColleguesApiApplication in 1.109 seconds (JVM running for 280.371)
12:04:47.523 [restartedMain] INFO  com.example.ColleguesApiApplication - Starting ColleguesApiApplication on DESKTOP-U3M57K9 with PID 10312 (C:\Total\workspace-sts-3.8.4.RELEASE\collegues-api\target\classes started by gurpr in C:\Total\workspace-sts-3.8.4.RELEASE\collegues-api)
12:04:47.523 [restartedMain] INFO  com.example.ColleguesApiApplication - No active profile set, falling back to default profiles: default
12:04:48.195 [restartedMain] ERROR com.example.service.StartupDataInit - hello starting
12:04:48.554 [restartedMain] INFO  com.example.ColleguesApiApplication - Started ColleguesApiApplication in 1.051 seconds (JVM running for 294.285)
12:05:21.363 [restartedMain] INFO  com.example.ColleguesApiApplication - Starting ColleguesApiApplication on DESKTOP-U3M57K9 with PID 10312 (C:\Total\workspace-sts-3.8.4.RELEASE\collegues-api\target\classes started by gurpr in C:\Total\workspace-sts-3.8.4.RELEASE\collegues-api)
12:05:21.363 [restartedMain] INFO  com.example.ColleguesApiApplication - No active profile set, falling back to default profiles: default
12:05:22.006 [restartedMain] ERROR com.example.service.StartupDataInit - hello starting
12:05:22.365 [restartedMain] INFO  com.example.ColleguesApiApplication - Started ColleguesApiApplication in 1.031 seconds (JVM running for 328.09)
12:28:22.744 [restartedMain] INFO  com.example.ColleguesApiApplication - Starting ColleguesApiApplication on DESKTOP-U3M57K9 with PID 11604 (C:\Total\workspace-sts-3.8.4.RELEASE\collegues-api\target\classes started by gurpr in C:\Total\workspace-sts-3.8.4.RELEASE\collegues-api)
12:28:22.760 [restartedMain] INFO  com.example.ColleguesApiApplication - No active profile set, falling back to default profiles: default
12:28:26.963 [restartedMain] ERROR com.example.service.StartupDataInit - hello starting
12:28:27.492 [restartedMain] INFO  com.example.ColleguesApiApplication - Started ColleguesApiApplication in 4.999 seconds (JVM running for 5.655)
12:29:59.695 [restartedMain] INFO  com.example.ColleguesApiApplication - Starting ColleguesApiApplication on DESKTOP-U3M57K9 with PID 3068 (C:\Total\workspace-sts-3.8.4.RELEASE\collegues-api\target\classes started by gurpr in C:\Total\workspace-sts-3.8.4.RELEASE\collegues-api)
12:29:59.695 [restartedMain] INFO  com.example.ColleguesApiApplication - No active profile set, falling back to default profiles: default
12:30:03.949 [restartedMain] ERROR com.example.service.StartupDataInit - hello starting
12:30:04.465 [restartedMain] INFO  com.example.ColleguesApiApplication - Started ColleguesApiApplication in 5.019 seconds (JVM running for 5.673)
12:34:46.876 [restartedMain] INFO  com.example.ColleguesApiApplication - Starting ColleguesApiApplication on DESKTOP-U3M57K9 with PID 3068 (C:\Total\workspace-sts-3.8.4.RELEASE\collegues-api\target\classes started by gurpr in C:\Total\workspace-sts-3.8.4.RELEASE\collegues-api)
12:34:46.876 [restartedMain] INFO  com.example.ColleguesApiApplication - No active profile set, falling back to default profiles: default
12:34:47.807 [restartedMain] ERROR com.example.service.StartupDataInit - hello starting
12:34:48.213 [restartedMain] INFO  com.example.ColleguesApiApplication - Started ColleguesApiApplication in 1.361 seconds (JVM running for 289.412)
12:36:40.135 [restartedMain] INFO  com.example.ColleguesApiApplication - Starting ColleguesApiApplication on DESKTOP-U3M57K9 with PID 3068 (C:\Total\workspace-sts-3.8.4.RELEASE\collegues-api\target\classes started by gurpr in C:\Total\workspace-sts-3.8.4.RELEASE\collegues-api)
12:36:40.135 [restartedMain] INFO  com.example.ColleguesApiApplication - No active profile set, falling back to default profiles: default
12:36:41.072 [restartedMain] ERROR com.example.service.StartupDataInit - hello starting
12:36:41.447 [restartedMain] INFO  com.example.ColleguesApiApplication - Started ColleguesApiApplication in 1.34 seconds (JVM running for 402.643)
12:37:36.640 [restartedMain] INFO  com.example.ColleguesApiApplication - Starting ColleguesApiApplication on DESKTOP-U3M57K9 with PID 3068 (C:\Total\workspace-sts-3.8.4.RELEASE\collegues-api\target\classes started by gurpr in C:\Total\workspace-sts-3.8.4.RELEASE\collegues-api)
12:37:36.640 [restartedMain] INFO  com.example.ColleguesApiApplication - No active profile set, falling back to default profiles: default
12:37:37.312 [restartedMain] ERROR com.example.service.StartupDataInit - hello starting
12:37:37.673 [restartedMain] INFO  com.example.ColleguesApiApplication - Started ColleguesApiApplication in 1.062 seconds (JVM running for 458.879)
12:39:32.509 [restartedMain] INFO  com.example.ColleguesApiApplication - Starting ColleguesApiApplication on DESKTOP-U3M57K9 with PID 3068 (C:\Total\workspace-sts-3.8.4.RELEASE\collegues-api\target\classes started by gurpr in C:\Total\workspace-sts-3.8.4.RELEASE\collegues-api)
12:39:32.509 [restartedMain] INFO  com.example.ColleguesApiApplication - No active profile set, falling back to default profiles: default
12:39:33.118 [restartedMain] ERROR com.example.service.StartupDataInit - hello starting
12:39:33.478 [restartedMain] INFO  com.example.ColleguesApiApplication - Started ColleguesApiApplication in 0.997 seconds (JVM running for 574.685)
12:39:37.812 [restartedMain] INFO  com.example.ColleguesApiApplication - Starting ColleguesApiApplication on DESKTOP-U3M57K9 with PID 3068 (C:\Total\workspace-sts-3.8.4.RELEASE\collegues-api\target\classes started by gurpr in C:\Total\workspace-sts-3.8.4.RELEASE\collegues-api)
12:39:37.812 [restartedMain] INFO  com.example.ColleguesApiApplication - No active profile set, falling back to default profiles: default
12:39:38.436 [restartedMain] ERROR com.example.service.StartupDataInit - hello starting
12:39:38.796 [restartedMain] INFO  com.example.ColleguesApiApplication - Started ColleguesApiApplication in 1.012 seconds (JVM running for 580.0)
12:39:52.924 [restartedMain] INFO  com.example.ColleguesApiApplication - Starting ColleguesApiApplication on DESKTOP-U3M57K9 with PID 11840 (C:\Total\workspace-sts-3.8.4.RELEASE\collegues-api\target\classes started by gurpr in C:\Total\workspace-sts-3.8.4.RELEASE\collegues-api)
12:39:52.924 [restartedMain] INFO  com.example.ColleguesApiApplication - No active profile set, falling back to default profiles: default
12:39:57.173 [restartedMain] ERROR com.example.service.StartupDataInit - hello starting
12:39:57.701 [restartedMain] INFO  com.example.ColleguesApiApplication - Started ColleguesApiApplication in 5.042 seconds (JVM running for 5.687)
12:40:22.724 [restartedMain] INFO  com.example.ColleguesApiApplication - Starting ColleguesApiApplication on DESKTOP-U3M57K9 with PID 11840 (C:\Total\workspace-sts-3.8.4.RELEASE\collegues-api\target\classes started by gurpr in C:\Total\workspace-sts-3.8.4.RELEASE\collegues-api)
12:40:22.724 [restartedMain] INFO  com.example.ColleguesApiApplication - No active profile set, falling back to default profiles: default
12:40:23.583 [restartedMain] ERROR com.example.service.StartupDataInit - hello starting
12:40:23.979 [restartedMain] INFO  com.example.ColleguesApiApplication - Started ColleguesApiApplication in 1.282 seconds (JVM running for 31.96)
12:40:31.756 [restartedMain] INFO  com.example.ColleguesApiApplication - Starting ColleguesApiApplication on DESKTOP-U3M57K9 with PID 11840 (C:\Total\workspace-sts-3.8.4.RELEASE\collegues-api\target\classes started by gurpr in C:\Total\workspace-sts-3.8.4.RELEASE\collegues-api)
12:40:31.756 [restartedMain] INFO  com.example.ColleguesApiApplication - No active profile set, falling back to default profiles: default
12:40:32.524 [restartedMain] ERROR com.example.service.StartupDataInit - hello starting
12:40:32.899 [restartedMain] INFO  com.example.ColleguesApiApplication - Started ColleguesApiApplication in 1.169 seconds (JVM running for 40.875)
12:43:01.106 [restartedMain] INFO  com.example.ColleguesApiApplication - Starting ColleguesApiApplication on DESKTOP-U3M57K9 with PID 4048 (C:\Total\workspace-sts-3.8.4.RELEASE\collegues-api\target\classes started by gurpr in C:\Total\workspace-sts-3.8.4.RELEASE\collegues-api)
12:43:01.106 [restartedMain] INFO  com.example.ColleguesApiApplication - No active profile set, falling back to default profiles: default
12:43:05.215 [restartedMain] ERROR com.example.service.StartupDataInit - hello starting
12:43:05.730 [restartedMain] INFO  com.example.ColleguesApiApplication - Started ColleguesApiApplication in 4.906 seconds (JVM running for 5.536)
12:44:46.386 [restartedMain] INFO  com.example.ColleguesApiApplication - Starting ColleguesApiApplication on DESKTOP-U3M57K9 with PID 4048 (C:\Total\workspace-sts-3.8.4.RELEASE\collegues-api\target\classes started by gurpr in C:\Total\workspace-sts-3.8.4.RELEASE\collegues-api)
12:44:46.387 [restartedMain] INFO  com.example.ColleguesApiApplication - No active profile set, falling back to default profiles: default
12:44:47.232 [restartedMain] ERROR com.example.service.StartupDataInit - hello starting
12:44:47.594 [restartedMain] INFO  com.example.ColleguesApiApplication - Started ColleguesApiApplication in 1.237 seconds (JVM running for 107.411)
12:45:18.456 [restartedMain] INFO  com.example.ColleguesApiApplication - Starting ColleguesApiApplication on DESKTOP-U3M57K9 with PID 4048 (C:\Total\workspace-sts-3.8.4.RELEASE\collegues-api\target\classes started by gurpr in C:\Total\workspace-sts-3.8.4.RELEASE\collegues-api)
12:45:18.456 [restartedMain] INFO  com.example.ColleguesApiApplication - No active profile set, falling back to default profiles: default
12:45:19.201 [restartedMain] ERROR com.example.service.StartupDataInit - hello starting
12:45:19.559 [restartedMain] INFO  com.example.ColleguesApiApplication - Started ColleguesApiApplication in 1.141 seconds (JVM running for 139.376)
12:45:25.824 [restartedMain] INFO  com.example.ColleguesApiApplication - Starting ColleguesApiApplication on DESKTOP-U3M57K9 with PID 3628 (C:\Total\workspace-sts-3.8.4.RELEASE\collegues-api\target\classes started by gurpr in C:\Total\workspace-sts-3.8.4.RELEASE\collegues-api)
12:45:25.824 [restartedMain] INFO  com.example.ColleguesApiApplication - No active profile set, falling back to default profiles: default
12:45:30.012 [restartedMain] ERROR com.example.service.StartupDataInit - hello starting
12:45:30.543 [restartedMain] INFO  com.example.ColleguesApiApplication - Started ColleguesApiApplication in 4.969 seconds (JVM running for 5.604)
12:46:41.564 [restartedMain] INFO  com.example.ColleguesApiApplication - Starting ColleguesApiApplication on DESKTOP-U3M57K9 with PID 11452 (C:\Total\workspace-sts-3.8.4.RELEASE\collegues-api\target\classes started by gurpr in C:\Total\workspace-sts-3.8.4.RELEASE\collegues-api)
12:46:41.564 [restartedMain] INFO  com.example.ColleguesApiApplication - No active profile set, falling back to default profiles: default
12:46:45.826 [restartedMain] ERROR com.example.service.StartupDataInit - hello starting
12:46:46.372 [restartedMain] INFO  com.example.ColleguesApiApplication - Started ColleguesApiApplication in 5.063 seconds (JVM running for 5.714)
13:55:37.294 [restartedMain] INFO  com.example.ColleguesApiApplication - Starting ColleguesApiApplication on DESKTOP-U3M57K9 with PID 11452 (C:\Total\workspace-sts-3.8.4.RELEASE\collegues-api\target\classes started by gurpr in C:\Total\workspace-sts-3.8.4.RELEASE\collegues-api)
13:55:37.294 [restartedMain] INFO  com.example.ColleguesApiApplication - No active profile set, falling back to default profiles: default
13:55:38.417 [restartedMain] ERROR com.example.service.StartupDataInit - hello starting
13:55:38.821 [restartedMain] INFO  com.example.ColleguesApiApplication - Started ColleguesApiApplication in 1.556 seconds (JVM running for 4138.173)
13:56:18.719 [restartedMain] INFO  com.example.ColleguesApiApplication - Starting ColleguesApiApplication on DESKTOP-U3M57K9 with PID 11452 (C:\Total\workspace-sts-3.8.4.RELEASE\collegues-api\target\classes started by gurpr in C:\Total\workspace-sts-3.8.4.RELEASE\collegues-api)
13:56:18.719 [restartedMain] INFO  com.example.ColleguesApiApplication - No active profile set, falling back to default profiles: default
13:56:19.396 [restartedMain] ERROR com.example.service.StartupDataInit - hello starting
13:56:19.745 [restartedMain] INFO  com.example.ColleguesApiApplication - Started ColleguesApiApplication in 1.062 seconds (JVM running for 4179.107)
14:10:57.108 [restartedMain] INFO  com.example.ColleguesApiApplication - Starting ColleguesApiApplication on DESKTOP-U3M57K9 with PID 11452 (C:\Total\workspace-sts-3.8.4.RELEASE\collegues-api\target\classes started by gurpr in C:\Total\workspace-sts-3.8.4.RELEASE\collegues-api)
14:10:57.108 [restartedMain] INFO  com.example.ColleguesApiApplication - No active profile set, falling back to default profiles: default
14:10:57.919 [restartedMain] ERROR com.example.service.StartupDataInit - hello starting
14:10:58.325 [restartedMain] INFO  com.example.ColleguesApiApplication - Started ColleguesApiApplication in 1.25 seconds (JVM running for 5057.679)
14:11:03.453 [restartedMain] INFO  com.example.ColleguesApiApplication - Starting ColleguesApiApplication on DESKTOP-U3M57K9 with PID 11452 (C:\Total\workspace-sts-3.8.4.RELEASE\collegues-api\target\classes started by gurpr in C:\Total\workspace-sts-3.8.4.RELEASE\collegues-api)
14:11:03.453 [restartedMain] INFO  com.example.ColleguesApiApplication - No active profile set, falling back to default profiles: default
14:11:04.089 [restartedMain] ERROR com.example.service.StartupDataInit - hello starting
14:11:04.465 [restartedMain] INFO  com.example.ColleguesApiApplication - Started ColleguesApiApplication in 1.047 seconds (JVM running for 5063.812)
16:59:51.759 [restartedMain] INFO  com.example.ColleguesApiApplication - Starting ColleguesApiApplication on DESKTOP-U3M57K9 with PID 11452 (C:\Total\workspace-sts-3.8.4.RELEASE\collegues-api\target\classes started by gurpr in C:\Total\workspace-sts-3.8.4.RELEASE\collegues-api)
16:59:51.759 [restartedMain] INFO  com.example.ColleguesApiApplication - No active profile set, falling back to default profiles: default
16:59:52.649 [restartedMain] ERROR com.example.service.StartupDataInit - hello starting
16:59:53.031 [restartedMain] INFO  com.example.ColleguesApiApplication - Started ColleguesApiApplication in 1.314 seconds (JVM running for 15192.378)
